<?xml version="1.0" encoding="UTF-8"?>
<!-- Generated by org.testng.reporters.JUnitXMLReporter -->
<testsuite ignored="0" hostname="DESKTOP-TRJL33N" failures="5" tests="5" name="BankingApp tset" time="253.238" errors="0" timestamp="2022-10-06T11:01:09 IST">
  <testcase classname="com.eBanking.TC.DDTest_001" name="loginDDT" time="34.203">
    <failure type="java.lang.AssertionError" message="expected [true] but found [false]">
      <![CDATA[java.lang.AssertionError: expected [true] but found [false]
at com.eBanking.TC.DDTest_001.loginDDT(DDTest_001.java:30)
at java.base/java.util.ArrayList.forEach(ArrayList.java:1511)
... Removed 35 stack frames]]>
    </failure>
  </testcase> <!-- loginDDT -->
  <testcase classname="com.eBanking.TC.DDTest_001" name="loginDDT" time="32.117">
    <failure type="java.lang.AssertionError" message="expected [true] but found [false]">
      <![CDATA[java.lang.AssertionError: expected [true] but found [false]
at com.eBanking.TC.DDTest_001.loginDDT(DDTest_001.java:30)
at java.base/java.util.ArrayList.forEach(ArrayList.java:1511)
... Removed 35 stack frames]]>
    </failure>
  </testcase> <!-- loginDDT -->
  <testcase classname="com.eBanking.TC.DDTest_001" name="loginDDT" time="30.319">
    <failure type="java.lang.AssertionError" message="expected [true] but found [false]">
      <![CDATA[java.lang.AssertionError: expected [true] but found [false]
at com.eBanking.TC.DDTest_001.loginDDT(DDTest_001.java:30)
at java.base/java.util.ArrayList.forEach(ArrayList.java:1511)
... Removed 35 stack frames]]>
    </failure>
  </testcase> <!-- loginDDT -->
  <testcase classname="com.eBanking.TC.DDTest_001" name="loginDDT" time="25.039">
    <failure type="java.lang.AssertionError" message="expected [true] but found [false]">
      <![CDATA[java.lang.AssertionError: expected [true] but found [false]
at com.eBanking.TC.DDTest_001.loginDDT(DDTest_001.java:30)
at java.base/java.util.ArrayList.forEach(ArrayList.java:1511)
... Removed 35 stack frames]]>
    </failure>
  </testcase> <!-- loginDDT -->
  <testcase classname="com.eBanking.TC.DDTest_001" name="loginDDT" time="28.651">
    <failure type="java.lang.AssertionError" message="expected [true] but found [false]">
      <![CDATA[java.lang.AssertionError: expected [true] but found [false]
at com.eBanking.TC.DDTest_001.loginDDT(DDTest_001.java:30)
at java.base/java.util.ArrayList.forEach(ArrayList.java:1511)
... Removed 35 stack frames]]>
    </failure>
  </testcase> <!-- loginDDT -->
</testsuite> <!-- BankingApp tset -->
