<?xml version="1.0" encoding="UTF-8"?>
<testng-results ignored="0" total="1" passed="1" failed="0" skipped="0">
  <reporter-output>
  </reporter-output>
  <suite started-at="2022-09-27T11:27:46 IST" name="eBanking_V01" finished-at="2022-09-27T11:29:50 IST" duration-ms="124353">
    <groups>
    </groups>
    <test started-at="2022-09-27T11:27:46 IST" name="BankingApp tset" finished-at="2022-09-27T11:29:50 IST" duration-ms="124353">
      <class name="com.eBanking.TC.AddNewCustomer_TC_002">
        <test-method is-config="true" signature="browserSetup(java.lang.String)[pri:0, instance:com.eBanking.TC.AddNewCustomer_TC_002@6f1de4c7]" started-at="2022-09-27T11:27:46 IST" name="browserSetup" finished-at="2022-09-27T11:28:53 IST" duration-ms="66663" status="PASS">
          <params>
            <param index="0">
              <value>
                <![CDATA[chrome]]>
              </value>
            </param>
          </params>
          <reporter-output>
          </reporter-output>
        </test-method> <!-- browserSetup -->
        <test-method signature="addCustomer()[pri:0, instance:com.eBanking.TC.AddNewCustomer_TC_002@6f1de4c7]" started-at="2022-09-27T11:28:53 IST" name="addCustomer" finished-at="2022-09-27T11:29:46 IST" duration-ms="53703" status="PASS">
          <reporter-output>
          </reporter-output>
        </test-method> <!-- addCustomer -->
        <test-method is-config="true" signature="teardown()[pri:0, instance:com.eBanking.TC.AddNewCustomer_TC_002@6f1de4c7]" started-at="2022-09-27T11:29:46 IST" name="teardown" finished-at="2022-09-27T11:29:50 IST" duration-ms="3885" status="PASS">
          <reporter-output>
          </reporter-output>
        </test-method> <!-- teardown -->
      </class> <!-- com.eBanking.TC.AddNewCustomer_TC_002 -->
    </test> <!-- BankingApp tset -->
  </suite> <!-- eBanking_V01 -->
</testng-results>
